<?xml version="1.0" encoding="UTF-8" ?>
<testsuite tests="9" failures="0" name="cucumberTest.TestRunner" time="0.09" errors="0" skipped="0">
  <properties>
[...]
</properties>
  <testcase classname="Scenario: Login to the &apos;Mercury Tours&apos; application" name="Given User is on login page" time="0.01"/>
  <testcase classname="Scenario: Login to the &apos;Mercury Tours&apos; application" name="When I enter &quot;Test@123&quot; and &quot;Test@123&quot;" time="0"/>
  <testcase classname="Scenario: Login to the &apos;Mercury Tours&apos; application" name="And click on login button" time="0"/>
  <testcase classname="Scenario: Login to the &apos;Mercury Tours&apos; application" name="Then &apos;Home&apos; page should be displayed" time="0.037"/>
  <testcase classname="Scenario: Login to the &apos;Mercury Tours&apos; application" name="Scenario: Login to the &apos;Mercury Tours&apos; application" time="0.037"/>
  <testcase classname="Scenario: Register to the &apos;Mercury Tours&apos; application" name="Given User is on Home page" time="0.001"/>
  <testcase classname="Scenario: Register to the &apos;Mercury Tours&apos; application" name="When click on the register link" time="0"/>
  <testcase classname="Scenario: Register to the &apos;Mercury Tours&apos; application" name="Then &apos;Register&apos; page should be displayed" time="0.001"/>
  <testcase classname="Scenario: Register to the &apos;Mercury Tours&apos; application" name="Scenario: Register to the &apos;Mercury Tours&apos; application" time="0.004"/>
</testsuite>